26/02/2007 16:21:44 (InfL1)	+-+-+-+-+-+-+-+-+-+-+-+-+-+-+-+-+-+-+-+-+-+-+-+-+-+-+-+-+-+-+-+-+-+-+-+-+-+-+-+
26/02/2007 16:21:44 (InfL1)	+                     Crazy Eddie's GUI System - Event log                    +
26/02/2007 16:21:44 (InfL1)	+                          (http://www.cegui.org.uk/)                         +
26/02/2007 16:21:44 (InfL1)	+-+-+-+-+-+-+-+-+-+-+-+-+-+-+-+-+-+-+-+-+-+-+-+-+-+-+-+-+-+-+-+-+-+-+-+-+-+-+-+

26/02/2007 16:21:44 (InfL1)	CEGUI::Logger singleton created.
26/02/2007 16:21:44 (InfL1)	---- Begining CEGUI System initialisation ----
26/02/2007 16:21:44 (InfL1)	CEGUI::ImagesetManager singleton created
26/02/2007 16:21:44 (InfL1)	CEGUI::FontManager singleton created.
26/02/2007 16:21:44 (InfL1)	CEGUI::WindowFactoryManager singleton created
26/02/2007 16:21:44 (InfL1)	CEGUI::WindowManager singleton created
26/02/2007 16:21:44 (InfL1)	CEGUI::SchemeManager singleton created.
26/02/2007 16:21:44 (InfL1)	CEGUI::MouseCursor singleton created.
26/02/2007 16:21:44 (InfL1)	CEGUI::GlobalEventSet singleton created.
26/02/2007 16:21:44 (InfL1)	CEGUI::WidgetLookManager singleton created.
26/02/2007 16:21:44 (InfL1)	CEGUI::WindowRendererManager singleton created
26/02/2007 16:21:44 (InfL1)	WindowFactory for 'DefaultWindow' windows added.
26/02/2007 16:21:44 (InfL1)	WindowFactory for 'DragContainer' windows added.
26/02/2007 16:21:44 (InfL1)	WindowFactory for 'ScrolledContainer' windows added.
26/02/2007 16:21:44 (InfL1)	WindowFactory for 'ClippedContainer' windows added.
26/02/2007 16:21:44 (InfL1)	WindowFactory for 'CEGUI/Checkbox' windows added.
26/02/2007 16:21:44 (InfL1)	WindowFactory for 'CEGUI/PushButton' windows added.
26/02/2007 16:21:44 (InfL1)	WindowFactory for 'CEGUI/RadioButton' windows added.
26/02/2007 16:21:44 (InfL1)	WindowFactory for 'CEGUI/Combobox' windows added.
26/02/2007 16:21:44 (InfL1)	WindowFactory for 'CEGUI/ComboDropList' windows added.
26/02/2007 16:21:44 (InfL1)	WindowFactory for 'CEGUI/Editbox' windows added.
26/02/2007 16:21:44 (InfL1)	WindowFactory for 'CEGUI/FrameWindow' windows added.
26/02/2007 16:21:44 (InfL1)	WindowFactory for 'CEGUI/ItemEntry' windows added.
26/02/2007 16:21:44 (InfL1)	WindowFactory for 'CEGUI/Listbox' windows added.
26/02/2007 16:21:44 (InfL1)	WindowFactory for 'CEGUI/ListHeader' windows added.
26/02/2007 16:21:44 (InfL1)	WindowFactory for 'CEGUI/ListHeaderSegment' windows added.
26/02/2007 16:21:44 (InfL1)	WindowFactory for 'CEGUI/Menubar' windows added.
26/02/2007 16:21:44 (InfL1)	WindowFactory for 'CEGUI/PopupMenu' windows added.
26/02/2007 16:21:44 (InfL1)	WindowFactory for 'CEGUI/MenuItem' windows added.
26/02/2007 16:21:44 (InfL1)	WindowFactory for 'CEGUI/MultiColumnList' windows added.
26/02/2007 16:21:44 (InfL1)	WindowFactory for 'CEGUI/MultiLineEditbox' windows added.
26/02/2007 16:21:44 (InfL1)	WindowFactory for 'CEGUI/ProgressBar' windows added.
26/02/2007 16:21:44 (InfL1)	WindowFactory for 'CEGUI/ScrollablePane' windows added.
26/02/2007 16:21:44 (InfL1)	WindowFactory for 'CEGUI/Scrollbar' windows added.
26/02/2007 16:21:44 (InfL1)	WindowFactory for 'CEGUI/Slider' windows added.
26/02/2007 16:21:44 (InfL1)	WindowFactory for 'CEGUI/Spinner' windows added.
26/02/2007 16:21:44 (InfL1)	WindowFactory for 'CEGUI/TabButton' windows added.
26/02/2007 16:21:44 (InfL1)	WindowFactory for 'CEGUI/TabControl' windows added.
26/02/2007 16:21:44 (InfL1)	WindowFactory for 'CEGUI/Thumb' windows added.
26/02/2007 16:21:44 (InfL1)	WindowFactory for 'CEGUI/Titlebar' windows added.
26/02/2007 16:21:44 (InfL1)	WindowFactory for 'CEGUI/Tooltip' windows added.
26/02/2007 16:21:44 (InfL1)	WindowFactory for 'CEGUI/ItemListbox' windows added.
26/02/2007 16:21:44 (InfL1)	Window type alias named 'DefaultGUISheet' added for window type 'DefaultWindow'.
26/02/2007 16:21:44 (InfL1)	CEGUI::System singleton created.
26/02/2007 16:21:44 (InfL1)	---- CEGUI System initialisation completed ----
26/02/2007 16:21:44 (InfL1)	---- Version 0.5.0 ----
26/02/2007 16:21:44 (InfL1)	---- Renderer module is: CEGUI::OpenGLRenderer - Official OpenGL based renderer module for CEGUI ----
26/02/2007 16:21:44 (InfL1)	---- XML Parser module is: CEGUI::XercesParser - Official Xerces-C++ based parser module for CEGUI ----
26/02/2007 16:21:44 (InfL1)	---- Scripting module is: None ----
26/02/2007 16:21:44 (InfL1)	---- Begining CEGUI System destruction ----
26/02/2007 16:21:44 (InfL1)	---- Begining cleanup of GUI Scheme system ----
26/02/2007 16:21:44 (InfL1)	CEGUI::SchemeManager singleton destroyed.
26/02/2007 16:21:44 (InfL1)	CEGUI::WindowManager singleton destroyed
26/02/2007 16:21:44 (InfL1)	CEGUI::WindowFactoryManager singleton destroyed
26/02/2007 16:21:44 (InfL1)	CEGUI::WidgetLookManager singleton destroyed.
26/02/2007 16:21:44 (InfL1)	CEGUI::WindowRendererManager singleton destroyed
26/02/2007 16:21:44 (InfL1)	---- Begining cleanup of Font system ----
26/02/2007 16:21:44 (InfL1)	CEGUI::FontManager singleton destroyed.
26/02/2007 16:21:44 (InfL1)	CEGUI::MouseCursor singleton destroyed.
26/02/2007 16:21:44 (InfL1)	---- Begining cleanup of Imageset system ----
26/02/2007 16:21:44 (InfL1)	CEGUI::ImagesetManager singleton destroyed
26/02/2007 16:21:44 (InfL1)	CEGUI::GlobalEventSet singleton destroyed.
26/02/2007 16:21:44 (InfL1)	CEGUI::System singleton destroyed.
26/02/2007 16:21:44 (InfL1)	---- CEGUI System destruction completed ----
26/02/2007 16:21:44 (InfL1)	CEGUI::Logger singleton destroyed.
